<?xml version="1.0" encoding="UTF-8" standalone="no"?>
<?pydev-testrun version="1.0"?><pydev-testsuite>
<summary errors="6" failures="0" finished="true" name="Test Run: 10" tests="6" total_time="Finished in: 0.00 secs."/>
<test location="/Users/EricTseng/Desktop/Programming_for_DS/week8/assignment7/assignment7/bz866/Interval_assignment/test.py" status="error" test="Interval_Functions_Test.test_insert" time="">
<stdout/>
<stderr><![CDATA[Traceback (most recent call last):
  File "/Users/EricTseng/Desktop/Programming_for_DS/week8/assignment7/assignment7/bz866/Interval_assignment/test.py", line 63, in test_insert
    int1=interval('[1,3]')
TypeError: __init__() missing 1 required positional argument: 'right'
]]></stderr>
</test>
<test location="/Users/EricTseng/Desktop/Programming_for_DS/week8/assignment7/assignment7/bz866/Interval_assignment/test.py" status="error" test="Interval_Functions_Test.test_interval1" time="">
<stdout/>
<stderr><![CDATA[Traceback (most recent call last):
  File "/Users/EricTseng/Desktop/Programming_for_DS/week8/assignment7/assignment7/bz866/Interval_assignment/test.py", line 15, in test_interval1
    self.assertEqual(int1, str(interval(int1)))
TypeError: __init__() missing 1 required positional argument: 'right'
]]></stderr>
</test>
<test location="/Users/EricTseng/Desktop/Programming_for_DS/week8/assignment7/assignment7/bz866/Interval_assignment/test.py" status="error" test="Interval_Functions_Test.test_interval2" time="">
<stdout/>
<stderr><![CDATA[Traceback (most recent call last):
  File "/Users/EricTseng/Desktop/Programming_for_DS/week8/assignment7/assignment7/bz866/Interval_assignment/test.py", line 21, in test_interval2
    interval('[1, a)')
TypeError: __init__() missing 1 required positional argument: 'right'
]]></stderr>
</test>
<test location="/Users/EricTseng/Desktop/Programming_for_DS/week8/assignment7/assignment7/bz866/Interval_assignment/test.py" status="error" test="Interval_Functions_Test.test_merge1" time="">
<stdout/>
<stderr><![CDATA[Traceback (most recent call last):
  File "/Users/EricTseng/Desktop/Programming_for_DS/week8/assignment7/assignment7/bz866/Interval_assignment/test.py", line 32, in test_merge1
    int1=interval('[10,25)')
TypeError: __init__() missing 1 required positional argument: 'right'
]]></stderr>
</test>
<test location="/Users/EricTseng/Desktop/Programming_for_DS/week8/assignment7/assignment7/bz866/Interval_assignment/test.py" status="error" test="Interval_Functions_Test.test_merge2" time="">
<stdout/>
<stderr><![CDATA[Traceback (most recent call last):
  File "/Users/EricTseng/Desktop/Programming_for_DS/week8/assignment7/assignment7/bz866/Interval_assignment/test.py", line 40, in test_merge2
    int1=interval('[10,25)')
TypeError: __init__() missing 1 required positional argument: 'right'
]]></stderr>
</test>
<test location="/Users/EricTseng/Desktop/Programming_for_DS/week8/assignment7/assignment7/bz866/Interval_assignment/test.py" status="error" test="Interval_Functions_Test.test_mergeOverlapping" time="">
<stdout/>
<stderr><![CDATA[Traceback (most recent call last):
  File "/Users/EricTseng/Desktop/Programming_for_DS/week8/assignment7/assignment7/bz866/Interval_assignment/test.py", line 51, in test_mergeOverlapping
    int1=interval('[10,25)')
TypeError: __init__() missing 1 required positional argument: 'right'
]]></stderr>
</test>
<launch mode="run">
<launch_memento><![CDATA[<?xml version="1.0" encoding="UTF-8" standalone="no"?>
<launchConfiguration local="true" path="bz866 test.py"/>
]]></launch_memento>
</launch>
</pydev-testsuite>
